================================================================================
HPLinpack 2.3  --  High-Performance Linpack benchmark  --   December 2, 2018
Written by A. Petitet and R. Clint Whaley,  Innovative Computing Laboratory, UTK
Modified by Piotr Luszczek, Innovative Computing Laboratory, UTK
Modified by Julien Langou, University of Colorado Denver
================================================================================

An explanation of the input/output parameters follows:
T/V    : Wall time / encoded variant.
N      : The order of the coefficient matrix A.
NB     : The partitioning blocking factor.
P      : The number of process rows.
Q      : The number of process columns.
Time   : Time in seconds to solve the linear system.
Gflops : Rate of execution for solving the linear system.

The following parameter values will be used:

N      :  230472 
NB     :     384 
PMAP   : Row-major process mapping
P      :       8 
Q      :      16 
PFACT  :   Right 
NBMIN  :       2 
NDIV   :       2 
RFACT  :   Right 
BCAST  :  1ringM   1ringM    2ring    2ring 
DEPTH  :       1 
SWAP   : Spread-roll (long)
L1     : transposed form
U      : transposed form
EQUIL  : yes
ALIGN  : 8 double precision words

--------------------------------------------------------------------------------

- The matrix A is randomly generated for each test.
- The following scaled residual check will be computed:
      ||Ax-b||_oo / ( eps * ( || x ||_oo * || A ||_oo + || b ||_oo ) * N )
- The relative machine precision (eps) is taken to be               1.110223e-16
- Computational tests pass if scaled residuals are less than                16.0

================================================================================
T/V                N    NB     P     Q               Time                 Gflops
--------------------------------------------------------------------------------
WR11R2R2      230472   384     8    16            2209.09             3.6945e+03
HPL_pdgesv() start time Mon Nov 11 22:22:47 2024

HPL_pdgesv() end time   Mon Nov 11 22:59:36 2024

--------------------------------------------------------------------------------
||Ax-b||_oo/(eps*(||A||_oo*||x||_oo+||b||_oo)*N)=   9.22648916e-04 ...... PASSED
================================================================================
T/V                N    NB     P     Q               Time                 Gflops
--------------------------------------------------------------------------------
WR11R2R2      230472   384     8    16            2440.51             3.3442e+03
HPL_pdgesv() start time Mon Nov 11 23:00:12 2024

HPL_pdgesv() end time   Mon Nov 11 23:40:52 2024

--------------------------------------------------------------------------------
||Ax-b||_oo/(eps*(||A||_oo*||x||_oo+||b||_oo)*N)=   9.22648916e-04 ...... PASSED
================================================================================
T/V                N    NB     P     Q               Time                 Gflops
--------------------------------------------------------------------------------
WR12R2R2      230472   384     8    16            2584.50             3.1578e+03
HPL_pdgesv() start time Mon Nov 11 23:41:27 2024

HPL_pdgesv() end time   Tue Nov 12 00:24:31 2024

--------------------------------------------------------------------------------
||Ax-b||_oo/(eps*(||A||_oo*||x||_oo+||b||_oo)*N)=   9.22648916e-04 ...... PASSED
